<?xml version="1.0" encoding="UTF-8"?>
<!-- Generated by org.testng.reporters.JUnitXMLReporter -->
<testsuite ignored="8" hostname="LTIN218160" failures="0" tests="16" name="Test" time="103.86" errors="0" timestamp="2024-02-26T16:40:39 IST">
  <testcase classname="testCases.TC001_HomePage" name="Searching_Bookshleves" time="4.649"/>
  <testcase classname="testCases.TC002_BookShelves" name="Closing_Popup" time="1.731"/>
  <testcase classname="testCases.TC002_BookShelves" name="Select_Category" time="0.891"/>
  <testcase classname="testCases.TC002_BookShelves" name="Select_PriceRange" time="2.746"/>
  <testcase classname="testCases.TC002_BookShelves" name="SelectoutOfStock" time="0.916"/>
  <testcase classname="testCases.TC002_BookShelves" name="SelectOrderRange" time="1.086"/>
  <testcase classname="testCases.TC002_BookShelves" name="PrintProductDetails" time="8.078"/>
  <testcase classname="testCases.TC003_Living" name="SelectLivingSubMenu" time="0.67"/>
  <testcase classname="testCases.TC003_Living" name="PrintDetailsInSubMenu" time="6.63"/>
  <testcase classname="testCases.TC003_Living" name="SelectGiftCards" time="4.341"/>
  <testcase classname="testCases.TC004_GiftCards" name="SelectGiftCard" time="0.664"/>
  <testcase classname="testCases.TC004_GiftCards" name="SelectPriceOfGiftCard" time="0.265"/>
  <testcase classname="testCases.TC004_GiftCards" name="SelectDate" time="0.596"/>
  <testcase classname="testCases.TC004_GiftCards" name="SelectNext" time="0.173"/>
  <testcase classname="testCases.TC005_ValidatingGiftCardDetails" name="ValidatingDetails" time="30.916"/>
  <testcase classname="testCases.TC005_ValidatingGiftCardDetails" name="ValidatingDetails" time="8.727"/>
  <testcase classname="testBase.BaseClass" name="@AfterTest tearDown" time="0.0">
    <ignored/>
  </testcase> <!-- @AfterTest tearDown -->
  <testcase classname="testBase.BaseClass" name="@AfterTest tearDown" time="0.0">
    <ignored/>
  </testcase> <!-- @AfterTest tearDown -->
  <testcase classname="testBase.BaseClass" name="@AfterTest tearDown" time="0.0">
    <ignored/>
  </testcase> <!-- @AfterTest tearDown -->
  <testcase classname="testBase.BaseClass" name="@AfterTest tearDown" time="0.0">
    <ignored/>
  </testcase> <!-- @AfterTest tearDown -->
  <testcase classname="testBase.BaseClass" name="@BeforeTest setup" time="0.0">
    <ignored/>
  </testcase> <!-- @BeforeTest setup -->
  <testcase classname="testBase.BaseClass" name="@BeforeTest setup" time="0.0">
    <ignored/>
  </testcase> <!-- @BeforeTest setup -->
  <testcase classname="testBase.BaseClass" name="@BeforeTest setup" time="0.0">
    <ignored/>
  </testcase> <!-- @BeforeTest setup -->
  <testcase classname="testBase.BaseClass" name="@BeforeTest setup" time="0.0">
    <ignored/>
  </testcase> <!-- @BeforeTest setup -->
</testsuite> <!-- Test -->
