<?xml version="1.0" encoding="UTF-8"?>
<testng-results ignored="8" total="24" passed="16" failed="0" skipped="0">
  <reporter-output>
  </reporter-output>
  <suite started-at="2024-02-26T16:38:55 IST" name="Suite" finished-at="2024-02-26T16:40:38 IST" duration-ms="103860">
    <groups>
      <group name="regression">
        <method signature="TC002_BookShelves.Closing_Popup()[pri:2, instance:testCases.TC002_BookShelves@4dbb42b7]" name="Closing_Popup" class="testCases.TC002_BookShelves"/>
        <method signature="TC002_BookShelves.PrintProductDetails()[pri:7, instance:testCases.TC002_BookShelves@4dbb42b7]" name="PrintProductDetails" class="testCases.TC002_BookShelves"/>
        <method signature="TC002_BookShelves.SelectOrderRange()[pri:6, instance:testCases.TC002_BookShelves@4dbb42b7]" name="SelectOrderRange" class="testCases.TC002_BookShelves"/>
        <method signature="TC002_BookShelves.Select_Category()[pri:3, instance:testCases.TC002_BookShelves@4dbb42b7]" name="Select_Category" class="testCases.TC002_BookShelves"/>
        <method signature="TC002_BookShelves.Select_PriceRange()[pri:4, instance:testCases.TC002_BookShelves@4dbb42b7]" name="Select_PriceRange" class="testCases.TC002_BookShelves"/>
        <method signature="TC002_BookShelves.SelectoutOfStock()[pri:5, instance:testCases.TC002_BookShelves@4dbb42b7]" name="SelectoutOfStock" class="testCases.TC002_BookShelves"/>
        <method signature="TC003_Living.PrintDetailsInSubMenu()[pri:9, instance:testCases.TC003_Living@21282ed8]" name="PrintDetailsInSubMenu" class="testCases.TC003_Living"/>
        <method signature="TC003_Living.SelectGiftCards()[pri:10, instance:testCases.TC003_Living@21282ed8]" name="SelectGiftCards" class="testCases.TC003_Living"/>
        <method signature="TC003_Living.SelectLivingSubMenu()[pri:8, instance:testCases.TC003_Living@21282ed8]" name="SelectLivingSubMenu" class="testCases.TC003_Living"/>
        <method signature="TC004_GiftCards.SelectDate()[pri:13, instance:testCases.TC004_GiftCards@36916eb0]" name="SelectDate" class="testCases.TC004_GiftCards"/>
        <method signature="TC004_GiftCards.SelectGiftCard()[pri:11, instance:testCases.TC004_GiftCards@36916eb0]" name="SelectGiftCard" class="testCases.TC004_GiftCards"/>
        <method signature="TC004_GiftCards.SelectNext()[pri:14, instance:testCases.TC004_GiftCards@36916eb0]" name="SelectNext" class="testCases.TC004_GiftCards"/>
        <method signature="TC004_GiftCards.SelectPriceOfGiftCard()[pri:12, instance:testCases.TC004_GiftCards@36916eb0]" name="SelectPriceOfGiftCard" class="testCases.TC004_GiftCards"/>
        <method signature="TC005_ValidatingGiftCardDetails.ValidatingDetails(java.lang.String,java.lang.String,java.lang.String,java.lang.String,java.lang.String,java.lang.String,java.lang.String,java.lang.String,java.lang.String)[pri:15, instance:testCases.TC005_ValidatingGiftCardDetails@7bab3f1a]" name="ValidatingDetails" class="testCases.TC005_ValidatingGiftCardDetails"/>
      </group> <!-- regression -->
      <group name="smoke">
        <method signature="TC001_HomePage.Searching_Bookshleves()[pri:1, instance:testCases.TC001_HomePage@316bcf94]" name="Searching_Bookshleves" class="testCases.TC001_HomePage"/>
      </group> <!-- smoke -->
      <group name="master">
        <method signature="TC001_HomePage.Searching_Bookshleves()[pri:1, instance:testCases.TC001_HomePage@316bcf94]" name="Searching_Bookshleves" class="testCases.TC001_HomePage"/>
        <method signature="TC002_BookShelves.Closing_Popup()[pri:2, instance:testCases.TC002_BookShelves@4dbb42b7]" name="Closing_Popup" class="testCases.TC002_BookShelves"/>
        <method signature="TC002_BookShelves.PrintProductDetails()[pri:7, instance:testCases.TC002_BookShelves@4dbb42b7]" name="PrintProductDetails" class="testCases.TC002_BookShelves"/>
        <method signature="TC002_BookShelves.SelectOrderRange()[pri:6, instance:testCases.TC002_BookShelves@4dbb42b7]" name="SelectOrderRange" class="testCases.TC002_BookShelves"/>
        <method signature="TC002_BookShelves.Select_Category()[pri:3, instance:testCases.TC002_BookShelves@4dbb42b7]" name="Select_Category" class="testCases.TC002_BookShelves"/>
        <method signature="TC002_BookShelves.Select_PriceRange()[pri:4, instance:testCases.TC002_BookShelves@4dbb42b7]" name="Select_PriceRange" class="testCases.TC002_BookShelves"/>
        <method signature="TC002_BookShelves.SelectoutOfStock()[pri:5, instance:testCases.TC002_BookShelves@4dbb42b7]" name="SelectoutOfStock" class="testCases.TC002_BookShelves"/>
        <method signature="TC003_Living.PrintDetailsInSubMenu()[pri:9, instance:testCases.TC003_Living@21282ed8]" name="PrintDetailsInSubMenu" class="testCases.TC003_Living"/>
        <method signature="TC003_Living.SelectGiftCards()[pri:10, instance:testCases.TC003_Living@21282ed8]" name="SelectGiftCards" class="testCases.TC003_Living"/>
        <method signature="TC003_Living.SelectLivingSubMenu()[pri:8, instance:testCases.TC003_Living@21282ed8]" name="SelectLivingSubMenu" class="testCases.TC003_Living"/>
        <method signature="TC004_GiftCards.SelectDate()[pri:13, instance:testCases.TC004_GiftCards@36916eb0]" name="SelectDate" class="testCases.TC004_GiftCards"/>
        <method signature="TC004_GiftCards.SelectGiftCard()[pri:11, instance:testCases.TC004_GiftCards@36916eb0]" name="SelectGiftCard" class="testCases.TC004_GiftCards"/>
        <method signature="TC004_GiftCards.SelectNext()[pri:14, instance:testCases.TC004_GiftCards@36916eb0]" name="SelectNext" class="testCases.TC004_GiftCards"/>
        <method signature="TC004_GiftCards.SelectPriceOfGiftCard()[pri:12, instance:testCases.TC004_GiftCards@36916eb0]" name="SelectPriceOfGiftCard" class="testCases.TC004_GiftCards"/>
        <method signature="TC005_ValidatingGiftCardDetails.ValidatingDetails(java.lang.String,java.lang.String,java.lang.String,java.lang.String,java.lang.String,java.lang.String,java.lang.String,java.lang.String,java.lang.String)[pri:15, instance:testCases.TC005_ValidatingGiftCardDetails@7bab3f1a]" name="ValidatingDetails" class="testCases.TC005_ValidatingGiftCardDetails"/>
      </group> <!-- master -->
    </groups>
    <test started-at="2024-02-26T16:38:55 IST" name="Test" finished-at="2024-02-26T16:40:38 IST" duration-ms="103860">
      <class name="testCases.TC002_BookShelves">
        <test-method signature="Closing_Popup()[pri:2, instance:testCases.TC002_BookShelves@4dbb42b7]" started-at="2024-02-26T16:39:17 IST" name="Closing_Popup" finished-at="2024-02-26T16:39:19 IST" duration-ms="1731" status="PASS">
          <reporter-output>
          </reporter-output>
        </test-method> <!-- Closing_Popup -->
        <test-method signature="Select_Category()[pri:3, instance:testCases.TC002_BookShelves@4dbb42b7]" started-at="2024-02-26T16:39:20 IST" name="Select_Category" finished-at="2024-02-26T16:39:21 IST" duration-ms="891" status="PASS">
          <reporter-output>
          </reporter-output>
        </test-method> <!-- Select_Category -->
        <test-method signature="Select_PriceRange()[pri:4, instance:testCases.TC002_BookShelves@4dbb42b7]" started-at="2024-02-26T16:39:22 IST" name="Select_PriceRange" finished-at="2024-02-26T16:39:25 IST" duration-ms="2746" status="PASS">
          <reporter-output>
          </reporter-output>
        </test-method> <!-- Select_PriceRange -->
        <test-method signature="SelectoutOfStock()[pri:5, instance:testCases.TC002_BookShelves@4dbb42b7]" started-at="2024-02-26T16:39:25 IST" name="SelectoutOfStock" finished-at="2024-02-26T16:39:26 IST" duration-ms="916" status="PASS">
          <reporter-output>
          </reporter-output>
        </test-method> <!-- SelectoutOfStock -->
        <test-method signature="SelectOrderRange()[pri:6, instance:testCases.TC002_BookShelves@4dbb42b7]" started-at="2024-02-26T16:39:27 IST" name="SelectOrderRange" finished-at="2024-02-26T16:39:28 IST" duration-ms="1086" status="PASS">
          <reporter-output>
          </reporter-output>
        </test-method> <!-- SelectOrderRange -->
        <test-method signature="PrintProductDetails()[pri:7, instance:testCases.TC002_BookShelves@4dbb42b7]" started-at="2024-02-26T16:39:29 IST" name="PrintProductDetails" finished-at="2024-02-26T16:39:37 IST" duration-ms="8078" status="PASS">
          <reporter-output>
          </reporter-output>
        </test-method> <!-- PrintProductDetails -->
      </class> <!-- testCases.TC002_BookShelves -->
      <class name="testCases.TC003_Living">
        <test-method signature="SelectLivingSubMenu()[pri:8, instance:testCases.TC003_Living@21282ed8]" started-at="2024-02-26T16:39:37 IST" name="SelectLivingSubMenu" finished-at="2024-02-26T16:39:38 IST" duration-ms="670" status="PASS">
          <reporter-output>
          </reporter-output>
        </test-method> <!-- SelectLivingSubMenu -->
        <test-method signature="PrintDetailsInSubMenu()[pri:9, instance:testCases.TC003_Living@21282ed8]" started-at="2024-02-26T16:39:39 IST" name="PrintDetailsInSubMenu" finished-at="2024-02-26T16:39:45 IST" duration-ms="6630" status="PASS">
          <reporter-output>
          </reporter-output>
        </test-method> <!-- PrintDetailsInSubMenu -->
        <test-method signature="SelectGiftCards()[pri:10, instance:testCases.TC003_Living@21282ed8]" started-at="2024-02-26T16:39:46 IST" name="SelectGiftCards" finished-at="2024-02-26T16:39:50 IST" duration-ms="4341" status="PASS">
          <reporter-output>
          </reporter-output>
        </test-method> <!-- SelectGiftCards -->
      </class> <!-- testCases.TC003_Living -->
      <class name="testCases.TC004_GiftCards">
        <test-method signature="SelectGiftCard()[pri:11, instance:testCases.TC004_GiftCards@36916eb0]" started-at="2024-02-26T16:39:51 IST" name="SelectGiftCard" finished-at="2024-02-26T16:39:52 IST" duration-ms="664" status="PASS">
          <reporter-output>
          </reporter-output>
        </test-method> <!-- SelectGiftCard -->
        <test-method signature="SelectPriceOfGiftCard()[pri:12, instance:testCases.TC004_GiftCards@36916eb0]" started-at="2024-02-26T16:39:52 IST" name="SelectPriceOfGiftCard" finished-at="2024-02-26T16:39:53 IST" duration-ms="265" status="PASS">
          <reporter-output>
          </reporter-output>
        </test-method> <!-- SelectPriceOfGiftCard -->
        <test-method signature="SelectDate()[pri:13, instance:testCases.TC004_GiftCards@36916eb0]" started-at="2024-02-26T16:39:53 IST" name="SelectDate" finished-at="2024-02-26T16:39:54 IST" duration-ms="596" status="PASS">
          <reporter-output>
          </reporter-output>
        </test-method> <!-- SelectDate -->
        <test-method signature="SelectNext()[pri:14, instance:testCases.TC004_GiftCards@36916eb0]" started-at="2024-02-26T16:39:54 IST" name="SelectNext" finished-at="2024-02-26T16:39:54 IST" duration-ms="173" status="PASS">
          <reporter-output>
          </reporter-output>
        </test-method> <!-- SelectNext -->
      </class> <!-- testCases.TC004_GiftCards -->
      <class name="testCases.TC005_ValidatingGiftCardDetails">
        <test-method signature="ValidatingDetails(java.lang.String,java.lang.String,java.lang.String,java.lang.String,java.lang.String,java.lang.String,java.lang.String,java.lang.String,java.lang.String)[pri:15, instance:testCases.TC005_ValidatingGiftCardDetails@7bab3f1a]" started-at="2024-02-26T16:39:56 IST" name="ValidatingDetails" data-provider="Details" finished-at="2024-02-26T16:40:27 IST" duration-ms="30916" status="PASS">
          <params>
            <param index="0">
              <value>
                <![CDATA[Jam]]>
              </value>
            </param>
            <param index="1">
              <value>
                <![CDATA[Jam@gmail.com]]>
              </value>
            </param>
            <param index="2">
              <value>
                <![CDATA[9443644863]]>
              </value>
            </param>
            <param index="3">
              <value>
                <![CDATA[Thanuj]]>
              </value>
            </param>
            <param index="4">
              <value>
                <![CDATA[Thanujgmail.com]]>
              </value>
            </param>
            <param index="5">
              <value>
                <![CDATA[9786923316]]>
              </value>
            </param>
            <param index="6">
              <value>
                <![CDATA[Trichy]]>
              </value>
            </param>
            <param index="7">
              <value>
                <![CDATA[603103]]>
              </value>
            </param>
            <param index="8">
              <value>
                <![CDATA[Invalid]]>
              </value>
            </param>
          </params>
          <reporter-output>
          </reporter-output>
        </test-method> <!-- ValidatingDetails -->
        <test-method signature="ValidatingDetails(java.lang.String,java.lang.String,java.lang.String,java.lang.String,java.lang.String,java.lang.String,java.lang.String,java.lang.String,java.lang.String)[pri:15, instance:testCases.TC005_ValidatingGiftCardDetails@7bab3f1a]" started-at="2024-02-26T16:40:28 IST" name="ValidatingDetails" data-provider="Details" finished-at="2024-02-26T16:40:36 IST" duration-ms="8727" status="PASS">
          <params>
            <param index="0">
              <value>
                <![CDATA[Jam]]>
              </value>
            </param>
            <param index="1">
              <value>
                <![CDATA[Jam@gmail.com]]>
              </value>
            </param>
            <param index="2">
              <value>
                <![CDATA[9443644863]]>
              </value>
            </param>
            <param index="3">
              <value>
                <![CDATA[Thanuj]]>
              </value>
            </param>
            <param index="4">
              <value>
                <![CDATA[Thanuj@gmail.com]]>
              </value>
            </param>
            <param index="5">
              <value>
                <![CDATA[9786923316]]>
              </value>
            </param>
            <param index="6">
              <value>
                <![CDATA[Trichy]]>
              </value>
            </param>
            <param index="7">
              <value>
                <![CDATA[603103]]>
              </value>
            </param>
            <param index="8">
              <value>
                <![CDATA[Valid]]>
              </value>
            </param>
          </params>
          <reporter-output>
          </reporter-output>
        </test-method> <!-- ValidatingDetails -->
      </class> <!-- testCases.TC005_ValidatingGiftCardDetails -->
      <class name="testCases.TC001_HomePage">
        <test-method is-config="true" signature="setup(java.lang.String,java.lang.String)[pri:0, instance:testCases.TC001_HomePage@316bcf94]" started-at="2024-02-26T16:38:55 IST" name="setup" finished-at="2024-02-26T16:39:11 IST" duration-ms="15588" status="PASS">
          <params>
            <param index="0">
              <value>
                <![CDATA[windows]]>
              </value>
            </param>
            <param index="1">
              <value>
                <![CDATA[chrome]]>
              </value>
            </param>
          </params>
          <reporter-output>
          </reporter-output>
        </test-method> <!-- setup -->
        <test-method signature="Searching_Bookshleves()[pri:1, instance:testCases.TC001_HomePage@316bcf94]" started-at="2024-02-26T16:39:11 IST" name="Searching_Bookshleves" finished-at="2024-02-26T16:39:16 IST" duration-ms="4649" status="PASS">
          <reporter-output>
          </reporter-output>
        </test-method> <!-- Searching_Bookshleves -->
        <test-method is-config="true" signature="tearDown()[pri:0, instance:testCases.TC001_HomePage@316bcf94]" started-at="2024-02-26T16:40:37 IST" name="tearDown" finished-at="2024-02-26T16:40:38 IST" duration-ms="1324" status="PASS">
          <reporter-output>
          </reporter-output>
        </test-method> <!-- tearDown -->
      </class> <!-- testCases.TC001_HomePage -->
    </test> <!-- Test -->
  </suite> <!-- Suite -->
</testng-results>
